The system is: Linux - 5.8.0-50-generic - x86_64
Compiling the C compiler identification source file "CMakeCCompilerId.c" succeeded.
Compiler: /usr/bin/cc 
Build flags: 
Id flags:  

The output was:
0


Compilation of the C compiler identification source "CMakeCCompilerId.c" produced "a.out"

The C compiler identification is GNU, found in "/home/sancho/Documents/GitRepos/RaceSimulator/cmake-build-debug/CMakeFiles/3.19.2/CompilerIdC/a.out"

Detecting C compiler ABI info compiled with the following output:
Change Dir: /home/sancho/Documents/GitRepos/RaceSimulator/cmake-build-debug/CMakeFiles/CMakeTmp

Run Build Command(s):/usr/bin/make cmTC_7ad50/fast && /usr/bin/make  -f CMakeFiles/cmTC_7ad50.dir/build.make CMakeFiles/cmTC_7ad50.dir/build
make[1]: Entering directory '/home/sancho/Documents/GitRepos/RaceSimulator/cmake-build-debug/CMakeFiles/CMakeTmp'
Building C object CMakeFiles/cmTC_7ad50.dir/CMakeCCompilerABI.c.o
/usr/bin/cc   -v -o CMakeFiles/cmTC_7ad50.dir/CMakeCCompilerABI.c.o -c /snap/clion/151/bin/cmake/linux/share/cmake-3.19/Modules/CMakeCCompilerABI.c
Using built-in specs.
COLLECT_GCC=/usr/bin/cc
OFFLOAD_TARGET_NAMES=nvptx-none:hsa
OFFLOAD_TARGET_DEFAULT=1
Target: x86_64-linux-gnu
Configured with: ../src/configure -v --with-pkgversion='Ubuntu 9.3.0-17ubuntu1~20.04' --with-bugurl=file:///usr/share/doc/gcc-9/README.Bugs --enable-languages=c,ada,c++,go,brig,d,fortran,objc,obj-c++,gm2 --prefix=/usr --with-gcc-major-version-only --program-suffix=-9 --program-prefix=x86_64-linux-gnu- --enable-shared --enable-linker-build-id --libexecdir=/usr/lib --without-included-gettext --enable-threads=posix --libdir=/usr/lib --enable-nls --enable-clocale=gnu --enable-libstdcxx-debug --enable-libstdcxx-time=yes --with-default-libstdcxx-abi=new --enable-gnu-unique-object --disable-vtable-verify --enable-plugin --enable-default-pie --with-system-zlib --with-target-system-zlib=auto --enable-objc-gc=auto --enable-multiarch --disable-werror --with-arch-32=i686 --with-abi=m64 --with-multilib-list=m32,m64,mx32 --enable-multilib --with-tune=generic --enable-offload-targets=nvptx-none=/build/gcc-9-HskZEa/gcc-9-9.3.0/debian/tmp-nvptx/usr,hsa --without-cuda-driver --enable-checking=release --build=x86_64-linux-gnu --host=x86_64-linux-gnu --target=x86_64-linux-gnu
Thread model: posix
gcc version 9.3.0 (Ubuntu 9.3.0-17ubuntu1~20.04) 
COLLECT_GCC_OPTIONS='-v' '-o' 'CMakeFiles/cmTC_7ad50.dir/CMakeCCompilerABI.c.o' '-c' '-mtune=generic' '-march=x86-64'
 /usr/lib/gcc/x86_64-linux-gnu/9/cc1 -quiet -v -imultiarch x86_64-linux-gnu /snap/clion/151/bin/cmake/linux/share/cmake-3.19/Modules/CMakeCCompilerABI.c -quiet -dumpbase CMakeCCompilerABI.c -mtune=generic -march=x86-64 -auxbase-strip CMakeFiles/cmTC_7ad50.dir/CMakeCCompilerABI.c.o -version -fasynchronous-unwind-tables -fstack-protector-strong -Wformat -Wformat-security -fstack-clash-protection -fcf-protection -o /tmp/ccQXeJYZ.s
GNU C17 (Ubuntu 9.3.0-17ubuntu1~20.04) version 9.3.0 (x86_64-linux-gnu)
	compiled by GNU C version 9.3.0, GMP version 6.2.0, MPFR version 4.0.2, MPC version 1.1.0, isl version isl-0.22.1-GMP

GGC heuristics: --param ggc-min-expand=100 --param ggc-min-heapsize=131072
ignoring nonexistent directory "/usr/local/include/x86_64-linux-gnu"
ignoring nonexistent directory "/usr/lib/gcc/x86_64-linux-gnu/9/include-fixed"
ignoring nonexistent directory "/usr/lib/gcc/x86_64-linux-gnu/9/../../../../x86_64-linux-gnu/include"
#include "..." search starts here:
#include <...> search starts here:
 /usr/lib/gcc/x86_64-linux-gnu/9/include
 /usr/local/include
 /usr/include/x86_64-linux-gnu
 /usr/include
End of search list.
GNU C17 (Ubuntu 9.3.0-17ubuntu1~20.04) version 9.3.0 (x86_64-linux-gnu)
	compiled by GNU C version 9.3.0, GMP version 6.2.0, MPFR version 4.0.2, MPC version 1.1.0, isl version isl-0.22.1-GMP

GGC heuristics: --param ggc-min-expand=100 --param ggc-min-heapsize=131072
Compiler executable checksum: bbf13931d8de1abe14040c9909cb6969
COLLECT_GCC_OPTIONS='-v' '-o' 'CMakeFiles/cmTC_7ad50.dir/CMakeCCompilerABI.c.o' '-c' '-mtune=generic' '-march=x86-64'
 as -v --64 -o CMakeFiles/cmTC_7ad50.dir/CMakeCCompilerABI.c.o /tmp/ccQXeJYZ.s
GNU assembler version 2.34 (x86_64-linux-gnu) using BFD version (GNU Binutils for Ubuntu) 2.34
COMPILER_PATH=/usr/lib/gcc/x86_64-linux-gnu/9/:/usr/lib/gcc/x86_64-linux-gnu/9/:/usr/lib/gcc/x86_64-linux-gnu/:/usr/lib/gcc/x86_64-linux-gnu/9/:/usr/lib/gcc/x86_64-linux-gnu/
LIBRARY_PATH=/usr/lib/gcc/x86_64-linux-gnu/9/:/usr/lib/gcc/x86_64-linux-gnu/9/../../../x86_64-linux-gnu/:/usr/lib/gcc/x86_64-linux-gnu/9/../../../../lib/:/lib/x86_64-linux-gnu/:/lib/../lib/:/usr/lib/x86_64-linux-gnu/:/usr/lib/../lib/:/usr/lib/gcc/x86_64-linux-gnu/9/../../../:/lib/:/usr/lib/
COLLECT_GCC_OPTIONS='-v' '-o' 'CMakeFiles/cmTC_7ad50.dir/CMakeCCompilerABI.c.o' '-c' '-mtune=generic' '-march=x86-64'
Linking C executable cmTC_7ad50
/snap/clion/151/bin/cmake/linux/bin/cmake -E cmake_link_script CMakeFiles/cmTC_7ad50.dir/link.txt --verbose=1
/usr/bin/cc  -v CMakeFiles/cmTC_7ad50.dir/CMakeCCompilerABI.c.o -o cmTC_7ad50 
Using built-in specs.
COLLECT_GCC=/usr/bin/cc
COLLECT_LTO_WRAPPER=/usr/lib/gcc/x86_64-linux-gnu/9/lto-wrapper
OFFLOAD_TARGET_NAMES=nvptx-none:hsa
OFFLOAD_TARGET_DEFAULT=1
Target: x86_64-linux-gnu
Configured with: ../src/configure -v --with-pkgversion='Ubuntu 9.3.0-17ubuntu1~20.04' --with-bugurl=file:///usr/share/doc/gcc-9/README.Bugs --enable-languages=c,ada,c++,go,brig,d,fortran,objc,obj-c++,gm2 --prefix=/usr --with-gcc-major-version-only --program-suffix=-9 --program-prefix=x86_64-linux-gnu- --enable-shared --enable-linker-build-id --libexecdir=/usr/lib --without-included-gettext --enable-threads=posix --libdir=/usr/lib --enable-nls --enable-clocale=gnu --enable-libstdcxx-debug --enable-libstdcxx-time=yes --with-default-libstdcxx-abi=new --enable-gnu-unique-object --disable-vtable-verify --enable-plugin --enable-default-pie --with-system-zlib --with-target-system-zlib=auto --enable-objc-gc=auto --enable-multiarch --disable-werror --with-arch-32=i686 --with-abi=m64 --with-multilib-list=m32,m64,mx32 --enable-multilib --with-tune=generic --enable-offload-targets=nvptx-none=/build/gcc-9-HskZEa/gcc-9-9.3.0/debian/tmp-nvptx/usr,hsa --without-cuda-driver --enable-checking=release --build=x86_64-linux-gnu --host=x86_64-linux-gnu --target=x86_64-linux-gnu
Thread model: posix
gcc version 9.3.0 (Ubuntu 9.3.0-17ubuntu1~20.04) 
COMPILER_PATH=/usr/lib/gcc/x86_64-linux-gnu/9/:/usr/lib/gcc/x86_64-linux-gnu/9/:/usr/lib/gcc/x86_64-linux-gnu/:/usr/lib/gcc/x86_64-linux-gnu/9/:/usr/lib/gcc/x86_64-linux-gnu/
LIBRARY_PATH=/usr/lib/gcc/x86_64-linux-gnu/9/:/usr/lib/gcc/x86_64-linux-gnu/9/../../../x86_64-linux-gnu/:/usr/lib/gcc/x86_64-linux-gnu/9/../../../../lib/:/lib/x86_64-linux-gnu/:/lib/../lib/:/usr/lib/x86_64-linux-gnu/:/usr/lib/../lib/:/usr/lib/gcc/x86_64-linux-gnu/9/../../../:/lib/:/usr/lib/
COLLECT_GCC_OPTIONS='-v' '-o' 'cmTC_7ad50' '-mtune=generic' '-march=x86-64'
 /usr/lib/gcc/x86_64-linux-gnu/9/collect2 -plugin /usr/lib/gcc/x86_64-linux-gnu/9/liblto_plugin.so -plugin-opt=/usr/lib/gcc/x86_64-linux-gnu/9/lto-wrapper -plugin-opt=-fresolution=/tmp/ccJEgShu.res -plugin-opt=-pass-through=-lgcc -plugin-opt=-pass-through=-lgcc_s -plugin-opt=-pass-through=-lc -plugin-opt=-pass-through=-lgcc -plugin-opt=-pass-through=-lgcc_s --build-id --eh-frame-hdr -m elf_x86_64 --hash-style=gnu --as-needed -dynamic-linker /lib64/ld-linux-x86-64.so.2 -pie -z now -z relro -o cmTC_7ad50 /usr/lib/gcc/x86_64-linux-gnu/9/../../../x86_64-linux-gnu/Scrt1.o /usr/lib/gcc/x86_64-linux-gnu/9/../../../x86_64-linux-gnu/crti.o /usr/lib/gcc/x86_64-linux-gnu/9/crtbeginS.o -L/usr/lib/gcc/x86_64-linux-gnu/9 -L/usr/lib/gcc/x86_64-linux-gnu/9/../../../x86_64-linux-gnu -L/usr/lib/gcc/x86_64-linux-gnu/9/../../../../lib -L/lib/x86_64-linux-gnu -L/lib/../lib -L/usr/lib/x86_64-linux-gnu -L/usr/lib/../lib -L/usr/lib/gcc/x86_64-linux-gnu/9/../../.. CMakeFiles/cmTC_7ad50.dir/CMakeCCompilerABI.c.o -lgcc --push-state --as-needed -lgcc_s --pop-state -lc -lgcc --push-state --as-needed -lgcc_s --pop-state /usr/lib/gcc/x86_64-linux-gnu/9/crtendS.o /usr/lib/gcc/x86_64-linux-gnu/9/../../../x86_64-linux-gnu/crtn.o
COLLECT_GCC_OPTIONS='-v' '-o' 'cmTC_7ad50' '-mtune=generic' '-march=x86-64'
make[1]: Leaving directory '/home/sancho/Documents/GitRepos/RaceSimulator/cmake-build-debug/CMakeFiles/CMakeTmp'



Parsed C implicit include dir info from above output: rv=done
  found start of include info
  found start of implicit include info
    add: [/usr/lib/gcc/x86_64-linux-gnu/9/include]
    add: [/usr/local/include]
    add: [/usr/include/x86_64-linux-gnu]
    add: [/usr/include]
  end of search list found
  collapse include dir [/usr/lib/gcc/x86_64-linux-gnu/9/include] ==> [/usr/lib/gcc/x86_64-linux-gnu/9/include]
  collapse include dir [/usr/local/include] ==> [/usr/local/include]
  collapse include dir [/usr/include/x86_64-linux-gnu] ==> [/usr/include/x86_64-linux-gnu]
  collapse include dir [/usr/include] ==> [/usr/include]
  implicit include dirs: [/usr/lib/gcc/x86_64-linux-gnu/9/include;/usr/local/include;/usr/include/x86_64-linux-gnu;/usr/include]


Parsed C implicit link information from above output:
  link line regex: [^( *|.*[/\])(ld|CMAKE_LINK_STARTFILE-NOTFOUND|([^/\]+-)?ld|collect2)[^/\]*( |$)]
  ignore line: [Change Dir: /home/sancho/Documents/GitRepos/RaceSimulator/cmake-build-debug/CMakeFiles/CMakeTmp]
  ignore line: []
  ignore line: [Run Build Command(s):/usr/bin/make cmTC_7ad50/fast && /usr/bin/make  -f CMakeFiles/cmTC_7ad50.dir/build.make CMakeFiles/cmTC_7ad50.dir/build]
  ignore line: [make[1]: Entering directory '/home/sancho/Documents/GitRepos/RaceSimulator/cmake-build-debug/CMakeFiles/CMakeTmp']
  ignore line: [Building C object CMakeFiles/cmTC_7ad50.dir/CMakeCCompilerABI.c.o]
  ignore line: [/usr/bin/cc   -v -o CMakeFiles/cmTC_7ad50.dir/CMakeCCompilerABI.c.o -c /snap/clion/151/bin/cmake/linux/share/cmake-3.19/Modules/CMakeCCompilerABI.c]
  ignore line: [Using built-in specs.]
  ignore line: [COLLECT_GCC=/usr/bin/cc]
  ignore line: [OFFLOAD_TARGET_NAMES=nvptx-none:hsa]
  ignore line: [OFFLOAD_TARGET_DEFAULT=1]
  ignore line: [Target: x86_64-linux-gnu]
  ignore line: [Configured with: ../src/configure -v --with-pkgversion='Ubuntu 9.3.0-17ubuntu1~20.04' --with-bugurl=file:///usr/share/doc/gcc-9/README.Bugs --enable-languages=c ada c++ go brig d fortran objc obj-c++ gm2 --prefix=/usr --with-gcc-major-version-only --program-suffix=-9 --program-prefix=x86_64-linux-gnu- --enable-shared --enable-linker-build-id --libexecdir=/usr/lib --without-included-gettext --enable-threads=posix --libdir=/usr/lib --enable-nls --enable-clocale=gnu --enable-libstdcxx-debug --enable-libstdcxx-time=yes --with-default-libstdcxx-abi=new --enable-gnu-unique-object --disable-vtable-verify --enable-plugin --enable-default-pie --with-system-zlib --with-target-system-zlib=auto --enable-objc-gc=auto --enable-multiarch --disable-werror --with-arch-32=i686 --with-abi=m64 --with-multilib-list=m32 m64 mx32 --enable-multilib --with-tune=generic --enable-offload-targets=nvptx-none=/build/gcc-9-HskZEa/gcc-9-9.3.0/debian/tmp-nvptx/usr hsa --without-cuda-driver --enable-checking=release --build=x86_64-linux-gnu --host=x86_64-linux-gnu --target=x86_64-linux-gnu]
  ignore line: [Thread model: posix]
  ignore line: [gcc version 9.3.0 (Ubuntu 9.3.0-17ubuntu1~20.04) ]
  ignore line: [COLLECT_GCC_OPTIONS='-v' '-o' 'CMakeFiles/cmTC_7ad50.dir/CMakeCCompilerABI.c.o' '-c' '-mtune=generic' '-march=x86-64']
  ignore line: [ /usr/lib/gcc/x86_64-linux-gnu/9/cc1 -quiet -v -imultiarch x86_64-linux-gnu /snap/clion/151/bin/cmake/linux/share/cmake-3.19/Modules/CMakeCCompilerABI.c -quiet -dumpbase CMakeCCompilerABI.c -mtune=generic -march=x86-64 -auxbase-strip CMakeFiles/cmTC_7ad50.dir/CMakeCCompilerABI.c.o -version -fasynchronous-unwind-tables -fstack-protector-strong -Wformat -Wformat-security -fstack-clash-protection -fcf-protection -o /tmp/ccQXeJYZ.s]
  ignore line: [GNU C17 (Ubuntu 9.3.0-17ubuntu1~20.04) version 9.3.0 (x86_64-linux-gnu)]
  ignore line: [	compiled by GNU C version 9.3.0  GMP version 6.2.0  MPFR version 4.0.2  MPC version 1.1.0  isl version isl-0.22.1-GMP]
  ignore line: []
  ignore line: [GGC heuristics: --param ggc-min-expand=100 --param ggc-min-heapsize=131072]
  ignore line: [ignoring nonexistent directory "/usr/local/include/x86_64-linux-gnu"]
  ignore line: [ignoring nonexistent directory "/usr/lib/gcc/x86_64-linux-gnu/9/include-fixed"]
  ignore line: [ignoring nonexistent directory "/usr/lib/gcc/x86_64-linux-gnu/9/../../../../x86_64-linux-gnu/include"]
  ignore line: [#include "..." search starts here:]
  ignore line: [#include <...> search starts here:]
  ignore line: [ /usr/lib/gcc/x86_64-linux-gnu/9/include]
  ignore line: [ /usr/local/include]
  ignore line: [ /usr/include/x86_64-linux-gnu]
  ignore line: [ /usr/include]
  ignore line: [End of search list.]
  ignore line: [GNU C17 (Ubuntu 9.3.0-17ubuntu1~20.04) version 9.3.0 (x86_64-linux-gnu)]
  ignore line: [	compiled by GNU C version 9.3.0  GMP version 6.2.0  MPFR version 4.0.2  MPC version 1.1.0  isl version isl-0.22.1-GMP]
  ignore line: []
  ignore line: [GGC heuristics: --param ggc-min-expand=100 --param ggc-min-heapsize=131072]
  ignore line: [Compiler executable checksum: bbf13931d8de1abe14040c9909cb6969]
  ignore line: [COLLECT_GCC_OPTIONS='-v' '-o' 'CMakeFiles/cmTC_7ad50.dir/CMakeCCompilerABI.c.o' '-c' '-mtune=generic' '-march=x86-64']
  ignore line: [ as -v --64 -o CMakeFiles/cmTC_7ad50.dir/CMakeCCompilerABI.c.o /tmp/ccQXeJYZ.s]
  ignore line: [GNU assembler version 2.34 (x86_64-linux-gnu) using BFD version (GNU Binutils for Ubuntu) 2.34]
  ignore line: [COMPILER_PATH=/usr/lib/gcc/x86_64-linux-gnu/9/:/usr/lib/gcc/x86_64-linux-gnu/9/:/usr/lib/gcc/x86_64-linux-gnu/:/usr/lib/gcc/x86_64-linux-gnu/9/:/usr/lib/gcc/x86_64-linux-gnu/]
  ignore line: [LIBRARY_PATH=/usr/lib/gcc/x86_64-linux-gnu/9/:/usr/lib/gcc/x86_64-linux-gnu/9/../../../x86_64-linux-gnu/:/usr/lib/gcc/x86_64-linux-gnu/9/../../../../lib/:/lib/x86_64-linux-gnu/:/lib/../lib/:/usr/lib/x86_64-linux-gnu/:/usr/lib/../lib/:/usr/lib/gcc/x86_64-linux-gnu/9/../../../:/lib/:/usr/lib/]
  ignore line: [COLLECT_GCC_OPTIONS='-v' '-o' 'CMakeFiles/cmTC_7ad50.dir/CMakeCCompilerABI.c.o' '-c' '-mtune=generic' '-march=x86-64']
  ignore line: [Linking C executable cmTC_7ad50]
  ignore line: [/snap/clion/151/bin/cmake/linux/bin/cmake -E cmake_link_script CMakeFiles/cmTC_7ad50.dir/link.txt --verbose=1]
  ignore line: [/usr/bin/cc  -v CMakeFiles/cmTC_7ad50.dir/CMakeCCompilerABI.c.o -o cmTC_7ad50 ]
  ignore line: [Using built-in specs.]
  ignore line: [COLLECT_GCC=/usr/bin/cc]
  ignore line: [COLLECT_LTO_WRAPPER=/usr/lib/gcc/x86_64-linux-gnu/9/lto-wrapper]
  ignore line: [OFFLOAD_TARGET_NAMES=nvptx-none:hsa]
  ignore line: [OFFLOAD_TARGET_DEFAULT=1]
  ignore line: [Target: x86_64-linux-gnu]
  ignore line: [Configured with: ../src/configure -v --with-pkgversion='Ubuntu 9.3.0-17ubuntu1~20.04' --with-bugurl=file:///usr/share/doc/gcc-9/README.Bugs --enable-languages=c ada c++ go brig d fortran objc obj-c++ gm2 --prefix=/usr --with-gcc-major-version-only --program-suffix=-9 --program-prefix=x86_64-linux-gnu- --enable-shared --enable-linker-build-id --libexecdir=/usr/lib --without-included-gettext --enable-threads=posix --libdir=/usr/lib --enable-nls --enable-clocale=gnu --enable-libstdcxx-debug --enable-libstdcxx-time=yes --with-default-libstdcxx-abi=new --enable-gnu-unique-object --disable-vtable-verify --enable-plugin --enable-default-pie --with-system-zlib --with-target-system-zlib=auto --enable-objc-gc=auto --enable-multiarch --disable-werror --with-arch-32=i686 --with-abi=m64 --with-multilib-list=m32 m64 mx32 --enable-multilib --with-tune=generic --enable-offload-targets=nvptx-none=/build/gcc-9-HskZEa/gcc-9-9.3.0/debian/tmp-nvptx/usr hsa --without-cuda-driver --enable-checking=release --build=x86_64-linux-gnu --host=x86_64-linux-gnu --target=x86_64-linux-gnu]
  ignore line: [Thread model: posix]
  ignore line: [gcc version 9.3.0 (Ubuntu 9.3.0-17ubuntu1~20.04) ]
  ignore line: [COMPILER_PATH=/usr/lib/gcc/x86_64-linux-gnu/9/:/usr/lib/gcc/x86_64-linux-gnu/9/:/usr/lib/gcc/x86_64-linux-gnu/:/usr/lib/gcc/x86_64-linux-gnu/9/:/usr/lib/gcc/x86_64-linux-gnu/]
  ignore line: [LIBRARY_PATH=/usr/lib/gcc/x86_64-linux-gnu/9/:/usr/lib/gcc/x86_64-linux-gnu/9/../../../x86_64-linux-gnu/:/usr/lib/gcc/x86_64-linux-gnu/9/../../../../lib/:/lib/x86_64-linux-gnu/:/lib/../lib/:/usr/lib/x86_64-linux-gnu/:/usr/lib/../lib/:/usr/lib/gcc/x86_64-linux-gnu/9/../../../:/lib/:/usr/lib/]
  ignore line: [COLLECT_GCC_OPTIONS='-v' '-o' 'cmTC_7ad50' '-mtune=generic' '-march=x86-64']
  link line: [ /usr/lib/gcc/x86_64-linux-gnu/9/collect2 -plugin /usr/lib/gcc/x86_64-linux-gnu/9/liblto_plugin.so -plugin-opt=/usr/lib/gcc/x86_64-linux-gnu/9/lto-wrapper -plugin-opt=-fresolution=/tmp/ccJEgShu.res -plugin-opt=-pass-through=-lgcc -plugin-opt=-pass-through=-lgcc_s -plugin-opt=-pass-through=-lc -plugin-opt=-pass-through=-lgcc -plugin-opt=-pass-through=-lgcc_s --build-id --eh-frame-hdr -m elf_x86_64 --hash-style=gnu --as-needed -dynamic-linker /lib64/ld-linux-x86-64.so.2 -pie -z now -z relro -o cmTC_7ad50 /usr/lib/gcc/x86_64-linux-gnu/9/../../../x86_64-linux-gnu/Scrt1.o /usr/lib/gcc/x86_64-linux-gnu/9/../../../x86_64-linux-gnu/crti.o /usr/lib/gcc/x86_64-linux-gnu/9/crtbeginS.o -L/usr/lib/gcc/x86_64-linux-gnu/9 -L/usr/lib/gcc/x86_64-linux-gnu/9/../../../x86_64-linux-gnu -L/usr/lib/gcc/x86_64-linux-gnu/9/../../../../lib -L/lib/x86_64-linux-gnu -L/lib/../lib -L/usr/lib/x86_64-linux-gnu -L/usr/lib/../lib -L/usr/lib/gcc/x86_64-linux-gnu/9/../../.. CMakeFiles/cmTC_7ad50.dir/CMakeCCompilerABI.c.o -lgcc --push-state --as-needed -lgcc_s --pop-state -lc -lgcc --push-state --as-needed -lgcc_s --pop-state /usr/lib/gcc/x86_64-linux-gnu/9/crtendS.o /usr/lib/gcc/x86_64-linux-gnu/9/../../../x86_64-linux-gnu/crtn.o]
    arg [/usr/lib/gcc/x86_64-linux-gnu/9/collect2] ==> ignore
    arg [-plugin] ==> ignore
    arg [/usr/lib/gcc/x86_64-linux-gnu/9/liblto_plugin.so] ==> ignore
    arg [-plugin-opt=/usr/lib/gcc/x86_64-linux-gnu/9/lto-wrapper] ==> ignore
    arg [-plugin-opt=-fresolution=/tmp/ccJEgShu.res] ==> ignore
    arg [-plugin-opt=-pass-through=-lgcc] ==> ignore
    arg [-plugin-opt=-pass-through=-lgcc_s] ==> ignore
    arg [-plugin-opt=-pass-through=-lc] ==> ignore
    arg [-plugin-opt=-pass-through=-lgcc] ==> ignore
    arg [-plugin-opt=-pass-through=-lgcc_s] ==> ignore
    arg [--build-id] ==> ignore
    arg [--eh-frame-hdr] ==> ignore
    arg [-m] ==> ignore
    arg [elf_x86_64] ==> ignore
    arg [--hash-style=gnu] ==> ignore
    arg [--as-needed] ==> ignore
    arg [-dynamic-linker] ==> ignore
    arg [/lib64/ld-linux-x86-64.so.2] ==> ignore
    arg [-pie] ==> ignore
    arg [-znow] ==> ignore
    arg [-zrelro] ==> ignore
    arg [-o] ==> ignore
    arg [cmTC_7ad50] ==> ignore
    arg [/usr/lib/gcc/x86_64-linux-gnu/9/../../../x86_64-linux-gnu/Scrt1.o] ==> ignore
    arg [/usr/lib/gcc/x86_64-linux-gnu/9/../../../x86_64-linux-gnu/crti.o] ==> ignore
    arg [/usr/lib/gcc/x86_64-linux-gnu/9/crtbeginS.o] ==> ignore
    arg [-L/usr/lib/gcc/x86_64-linux-gnu/9] ==> dir [/usr/lib/gcc/x86_64-linux-gnu/9]
    arg [-L/usr/lib/gcc/x86_64-linux-gnu/9/../../../x86_64-linux-gnu] ==> dir [/usr/lib/gcc/x86_64-linux-gnu/9/../../../x86_64-linux-gnu]
    arg [-L/usr/lib/gcc/x86_64-linux-gnu/9/../../../../lib] ==> dir [/usr/lib/gcc/x86_64-linux-gnu/9/../../../../lib]
    arg [-L/lib/x86_64-linux-gnu] ==> dir [/lib/x86_64-linux-gnu]
    arg [-L/lib/../lib] ==> dir [/lib/../lib]
    arg [-L/usr/lib/x86_64-linux-gnu] ==> dir [/usr/lib/x86_64-linux-gnu]
    arg [-L/usr/lib/../lib] ==> dir [/usr/lib/../lib]
    arg [-L/usr/lib/gcc/x86_64-linux-gnu/9/../../..] ==> dir [/usr/lib/gcc/x86_64-linux-gnu/9/../../..]
    arg [CMakeFiles/cmTC_7ad50.dir/CMakeCCompilerABI.c.o] ==> ignore
    arg [-lgcc] ==> lib [gcc]
    arg [--push-state] ==> ignore
    arg [--as-needed] ==> ignore
    arg [-lgcc_s] ==> lib [gcc_s]
    arg [--pop-state] ==> ignore
    arg [-lc] ==> lib [c]
    arg [-lgcc] ==> lib [gcc]
    arg [--push-state] ==> ignore
    arg [--as-needed] ==> ignore
    arg [-lgcc_s] ==> lib [gcc_s]
    arg [--pop-state] ==> ignore
    arg [/usr/lib/gcc/x86_64-linux-gnu/9/crtendS.o] ==> ignore
    arg [/usr/lib/gcc/x86_64-linux-gnu/9/../../../x86_64-linux-gnu/crtn.o] ==> ignore
  collapse library dir [/usr/lib/gcc/x86_64-linux-gnu/9] ==> [/usr/lib/gcc/x86_64-linux-gnu/9]
  collapse library dir [/usr/lib/gcc/x86_64-linux-gnu/9/../../../x86_64-linux-gnu] ==> [/usr/lib/x86_64-linux-gnu]
  collapse library dir [/usr/lib/gcc/x86_64-linux-gnu/9/../../../../lib] ==> [/usr/lib]
  collapse library dir [/lib/x86_64-linux-gnu] ==> [/lib/x86_64-linux-gnu]
  collapse library dir [/lib/../lib] ==> [/lib]
  collapse library dir [/usr/lib/x86_64-linux-gnu] ==> [/usr/lib/x86_64-linux-gnu]
  collapse library dir [/usr/lib/../lib] ==> [/usr/lib]
  collapse library dir [/usr/lib/gcc/x86_64-linux-gnu/9/../../..] ==> [/usr/lib]
  implicit libs: [gcc;gcc_s;c;gcc;gcc_s]
  implicit dirs: [/usr/lib/gcc/x86_64-linux-gnu/9;/usr/lib/x86_64-linux-gnu;/usr/lib;/lib/x86_64-linux-gnu;/lib]
  implicit fwks: []


The system is: CYGWIN - 3.1.7(0.340/5/3) - x86_64
Compiling the C compiler identification source file "CMakeCCompilerId.c" succeeded.
Compiler: /usr/bin/cc 
Build flags: 
Id flags:  

The output was:
0


Compilation of the C compiler identification source "CMakeCCompilerId.c" produced "a.exe"

The C compiler identification is GNU, found in "/cygdrive/c/projeto_SO/RaceSimulator/cmake-build-debug/CMakeFiles/3.19.2/CompilerIdC/a.exe"

Detecting C compiler ABI info compiled with the following output:
Change Dir: /cygdrive/c/projeto_SO/RaceSimulator/cmake-build-debug/CMakeFiles/CMakeTmp

Run Build Command(s):/usr/bin/make.exe cmTC_a0278/fast && /usr/bin/make  -f CMakeFiles/cmTC_a0278.dir/build.make CMakeFiles/cmTC_a0278.dir/build
make[1]: Entering directory '/cygdrive/c/projeto_SO/RaceSimulator/cmake-build-debug/CMakeFiles/CMakeTmp'
Building C object CMakeFiles/cmTC_a0278.dir/CMakeCCompilerABI.c.o
/usr/bin/cc   -v -o CMakeFiles/cmTC_a0278.dir/CMakeCCompilerABI.c.o -c /cygdrive/c/Users/jfgar/AppData/Local/JetBrains/CLion2021.1/cygwin_cmake/share/cmake-3.19.2/Modules/CMakeCCompilerABI.c
Using built-in specs.
COLLECT_GCC=/usr/bin/cc
Target: x86_64-pc-cygwin
Configured with: /cygdrive/i/szsz/tmpp/gcc/gcc-9.3.0-2.x86_64/src/gcc-9.3.0/configure --srcdir=/cygdrive/i/szsz/tmpp/gcc/gcc-9.3.0-2.x86_64/src/gcc-9.3.0 --prefix=/usr --exec-prefix=/usr --localstatedir=/var --sysconfdir=/etc --docdir=/usr/share/doc/gcc --htmldir=/usr/share/doc/gcc/html -C --build=x86_64-pc-cygwin --host=x86_64-pc-cygwin --target=x86_64-pc-cygwin --without-libiconv-prefix --without-libintl-prefix --libexecdir=/usr/lib --enable-shared --enable-shared-libgcc --enable-static --enable-version-specific-runtime-libs --enable-bootstrap --enable-__cxa_atexit --with-dwarf2 --with-tune=generic --enable-languages=c,c++,fortran,lto,objc,obj-c++ --enable-graphite --enable-threads=posix --enable-libatomic --enable-libgomp --enable-libquadmath --enable-libquadmath-support --disable-libssp --enable-libada --disable-symvers --with-gnu-ld --with-gnu-as --with-cloog-include=/usr/include/cloog-isl --without-libiconv-prefix --without-libintl-prefix --with-system-zlib --enable-linker-build-id --with-default-libstdcxx-abi=gcc4-compatible --enable-libstdcxx-filesystem-ts
Thread model: posix
gcc version 9.3.0 (GCC) 
COLLECT_GCC_OPTIONS='-v' '-o' 'CMakeFiles/cmTC_a0278.dir/CMakeCCompilerABI.c.o' '-c' '-mtune=generic' '-march=x86-64'
 /usr/lib/gcc/x86_64-pc-cygwin/9.3.0/cc1.exe -quiet -v -idirafter /usr/lib/gcc/x86_64-pc-cygwin/9.3.0/../../../../lib/../include/w32api -idirafter /usr/lib/gcc/x86_64-pc-cygwin/9.3.0/../../../../x86_64-pc-cygwin/lib/../lib/../../include/w32api /cygdrive/c/Users/jfgar/AppData/Local/JetBrains/CLion2021.1/cygwin_cmake/share/cmake-3.19.2/Modules/CMakeCCompilerABI.c -quiet -dumpbase CMakeCCompilerABI.c -mtune=generic -march=x86-64 -auxbase-strip CMakeFiles/cmTC_a0278.dir/CMakeCCompilerABI.c.o -version -o /tmp/ccLNpQTi.s
GNU C17 (GCC) version 9.3.0 (x86_64-pc-cygwin)
	compiled by GNU C version 9.3.0, GMP version 6.2.0, MPFR version 4.0.2-p6, MPC version 1.1.0, isl version isl-0.22.1-GMP

warning: MPFR header version 4.0.2-p6 differs from library version 4.1.0.
GGC heuristics: --param ggc-min-expand=100 --param ggc-min-heapsize=131072
ignoring nonexistent directory "/usr/local/include"
ignoring nonexistent directory "/usr/lib/gcc/x86_64-pc-cygwin/9.3.0/include-fixed"
ignoring nonexistent directory "/usr/lib/gcc/x86_64-pc-cygwin/9.3.0/../../../../x86_64-pc-cygwin/include"
ignoring duplicate directory "/usr/lib/gcc/x86_64-pc-cygwin/9.3.0/../../../../x86_64-pc-cygwin/lib/../lib/../../include/w32api"
#include "..." search starts here:
#include <...> search starts here:
 /usr/lib/gcc/x86_64-pc-cygwin/9.3.0/include
 /usr/include
 /usr/lib/gcc/x86_64-pc-cygwin/9.3.0/../../../../lib/../include/w32api
End of search list.
GNU C17 (GCC) version 9.3.0 (x86_64-pc-cygwin)
	compiled by GNU C version 9.3.0, GMP version 6.2.0, MPFR version 4.0.2-p6, MPC version 1.1.0, isl version isl-0.22.1-GMP

warning: MPFR header version 4.0.2-p6 differs from library version 4.1.0.
GGC heuristics: --param ggc-min-expand=100 --param ggc-min-heapsize=131072
Compiler executable checksum: 63e39ecd2b9d1558434e01ca03f2ef9c
COLLECT_GCC_OPTIONS='-v' '-o' 'CMakeFiles/cmTC_a0278.dir/CMakeCCompilerABI.c.o' '-c' '-mtune=generic' '-march=x86-64'
 /usr/lib/gcc/x86_64-pc-cygwin/9.3.0/../../../../x86_64-pc-cygwin/bin/as.exe -v -o CMakeFiles/cmTC_a0278.dir/CMakeCCompilerABI.c.o /tmp/ccLNpQTi.s
GNU assembler version 2.34.0 (x86_64-pc-cygwin) using BFD version (GNU Binutils) 2.34.0.20200307
COMPILER_PATH=/usr/lib/gcc/x86_64-pc-cygwin/9.3.0/:/usr/lib/gcc/x86_64-pc-cygwin/9.3.0/:/usr/lib/gcc/x86_64-pc-cygwin/:/usr/lib/gcc/x86_64-pc-cygwin/9.3.0/:/usr/lib/gcc/x86_64-pc-cygwin/:/usr/lib/gcc/x86_64-pc-cygwin/9.3.0/../../../../x86_64-pc-cygwin/bin/
LIBRARY_PATH=/usr/lib/gcc/x86_64-pc-cygwin/9.3.0/:/usr/lib/gcc/x86_64-pc-cygwin/9.3.0/../../../../x86_64-pc-cygwin/lib/../lib/:/usr/lib/gcc/x86_64-pc-cygwin/9.3.0/../../../../lib/:/lib/../lib/:/usr/lib/../lib/:/usr/lib/gcc/x86_64-pc-cygwin/9.3.0/../../../../x86_64-pc-cygwin/lib/:/usr/lib/gcc/x86_64-pc-cygwin/9.3.0/../../../:/lib/:/usr/lib/
COLLECT_GCC_OPTIONS='-v' '-o' 'CMakeFiles/cmTC_a0278.dir/CMakeCCompilerABI.c.o' '-c' '-mtune=generic' '-march=x86-64'
Linking C executable cmTC_a0278.exe
/cygdrive/c/Users/jfgar/AppData/Local/JetBrains/CLion2021.1/cygwin_cmake/bin/cmake.exe -E cmake_link_script CMakeFiles/cmTC_a0278.dir/link.txt --verbose=1
/usr/bin/cc -Wl,--enable-auto-import -v CMakeFiles/cmTC_a0278.dir/CMakeCCompilerABI.c.o -o cmTC_a0278.exe -Wl,--out-implib,libcmTC_a0278.dll.a -Wl,--major-image-version,0,--minor-image-version,0 
Using built-in specs.
COLLECT_GCC=/usr/bin/cc
COLLECT_LTO_WRAPPER=/usr/lib/gcc/x86_64-pc-cygwin/9.3.0/lto-wrapper.exe
Target: x86_64-pc-cygwin
Configured with: /cygdrive/i/szsz/tmpp/gcc/gcc-9.3.0-2.x86_64/src/gcc-9.3.0/configure --srcdir=/cygdrive/i/szsz/tmpp/gcc/gcc-9.3.0-2.x86_64/src/gcc-9.3.0 --prefix=/usr --exec-prefix=/usr --localstatedir=/var --sysconfdir=/etc --docdir=/usr/share/doc/gcc --htmldir=/usr/share/doc/gcc/html -C --build=x86_64-pc-cygwin --host=x86_64-pc-cygwin --target=x86_64-pc-cygwin --without-libiconv-prefix --without-libintl-prefix --libexecdir=/usr/lib --enable-shared --enable-shared-libgcc --enable-static --enable-version-specific-runtime-libs --enable-bootstrap --enable-__cxa_atexit --with-dwarf2 --with-tune=generic --enable-languages=c,c++,fortran,lto,objc,obj-c++ --enable-graphite --enable-threads=posix --enable-libatomic --enable-libgomp --enable-libquadmath --enable-libquadmath-support --disable-libssp --enable-libada --disable-symvers --with-gnu-ld --with-gnu-as --with-cloog-include=/usr/include/cloog-isl --without-libiconv-prefix --without-libintl-prefix --with-system-zlib --enable-linker-build-id --with-default-libstdcxx-abi=gcc4-compatible --enable-libstdcxx-filesystem-ts
Thread model: posix
gcc version 9.3.0 (GCC) 
COMPILER_PATH=/usr/lib/gcc/x86_64-pc-cygwin/9.3.0/:/usr/lib/gcc/x86_64-pc-cygwin/9.3.0/:/usr/lib/gcc/x86_64-pc-cygwin/:/usr/lib/gcc/x86_64-pc-cygwin/9.3.0/:/usr/lib/gcc/x86_64-pc-cygwin/:/usr/lib/gcc/x86_64-pc-cygwin/9.3.0/../../../../x86_64-pc-cygwin/bin/
LIBRARY_PATH=/usr/lib/gcc/x86_64-pc-cygwin/9.3.0/:/usr/lib/gcc/x86_64-pc-cygwin/9.3.0/../../../../x86_64-pc-cygwin/lib/../lib/:/usr/lib/gcc/x86_64-pc-cygwin/9.3.0/../../../../lib/:/lib/../lib/:/usr/lib/../lib/:/usr/lib/gcc/x86_64-pc-cygwin/9.3.0/../../../../x86_64-pc-cygwin/lib/:/usr/lib/gcc/x86_64-pc-cygwin/9.3.0/../../../:/lib/:/usr/lib/
COLLECT_GCC_OPTIONS='-v' '-o' 'cmTC_a0278.exe' '-mtune=generic' '-march=x86-64'
 /usr/lib/gcc/x86_64-pc-cygwin/9.3.0/collect2.exe -plugin /usr/lib/gcc/x86_64-pc-cygwin/9.3.0/cyglto_plugin.dll -plugin-opt=/usr/lib/gcc/x86_64-pc-cygwin/9.3.0/lto-wrapper.exe -plugin-opt=-fresolution=/tmp/ccf1D2xW.res -plugin-opt=-pass-through=-lgcc_s -plugin-opt=-pass-through=-lgcc -plugin-opt=-pass-through=-lcygwin -plugin-opt=-pass-through=-ladvapi32 -plugin-opt=-pass-through=-lshell32 -plugin-opt=-pass-through=-luser32 -plugin-opt=-pass-through=-lkernel32 -plugin-opt=-pass-through=-lgcc_s -plugin-opt=-pass-through=-lgcc --build-id -m i386pep --wrap _Znwm --wrap _Znam --wrap _ZdlPv --wrap _ZdaPv --wrap _ZnwmRKSt9nothrow_t --wrap _ZnamRKSt9nothrow_t --wrap _ZdlPvRKSt9nothrow_t --wrap _ZdaPvRKSt9nothrow_t -Bdynamic --dll-search-prefix=cyg --tsaware -o cmTC_a0278.exe /usr/lib/gcc/x86_64-pc-cygwin/9.3.0/../../../../lib/crt0.o /usr/lib/gcc/x86_64-pc-cygwin/9.3.0/crtbegin.o -L/usr/lib/gcc/x86_64-pc-cygwin/9.3.0 -L/usr/lib/gcc/x86_64-pc-cygwin/9.3.0/../../../../x86_64-pc-cygwin/lib/../lib -L/usr/lib/gcc/x86_64-pc-cygwin/9.3.0/../../../../lib -L/lib/../lib -L/usr/lib/../lib -L/usr/lib/gcc/x86_64-pc-cygwin/9.3.0/../../../../x86_64-pc-cygwin/lib -L/usr/lib/gcc/x86_64-pc-cygwin/9.3.0/../../.. --enable-auto-import CMakeFiles/cmTC_a0278.dir/CMakeCCompilerABI.c.o --out-implib libcmTC_a0278.dll.a --major-image-version 0 --minor-image-version 0 -lgcc_s -lgcc -lcygwin -ladvapi32 -lshell32 -luser32 -lkernel32 -lgcc_s -lgcc /usr/lib/gcc/x86_64-pc-cygwin/9.3.0/../../../../lib/default-manifest.o /usr/lib/gcc/x86_64-pc-cygwin/9.3.0/crtend.o
COLLECT_GCC_OPTIONS='-v' '-o' 'cmTC_a0278.exe' '-mtune=generic' '-march=x86-64'
make[1]: Leaving directory '/cygdrive/c/projeto_SO/RaceSimulator/cmake-build-debug/CMakeFiles/CMakeTmp'



Parsed C implicit include dir info from above output: rv=done
  found start of include info
  found start of implicit include info
    add: [/usr/lib/gcc/x86_64-pc-cygwin/9.3.0/include]
    add: [/usr/include]
    add: [/usr/lib/gcc/x86_64-pc-cygwin/9.3.0/../../../../lib/../include/w32api]
  end of search list found
  collapse include dir [/usr/lib/gcc/x86_64-pc-cygwin/9.3.0/include] ==> [/usr/lib/gcc/x86_64-pc-cygwin/9.3.0/include]
  collapse include dir [/usr/include] ==> [/usr/include]
  collapse include dir [/usr/lib/gcc/x86_64-pc-cygwin/9.3.0/../../../../lib/../include/w32api] ==> [/usr/include/w32api]
  implicit include dirs: [/usr/lib/gcc/x86_64-pc-cygwin/9.3.0/include;/usr/include;/usr/include/w32api]


Parsed C implicit link information from above output:
  link line regex: [^( *|.*[/\])(ld\.exe|CMAKE_LINK_STARTFILE-NOTFOUND|([^/\]+-)?ld|collect2)[^/\]*( |$)]
  ignore line: [Change Dir: /cygdrive/c/projeto_SO/RaceSimulator/cmake-build-debug/CMakeFiles/CMakeTmp]
  ignore line: []
  ignore line: [Run Build Command(s):/usr/bin/make.exe cmTC_a0278/fast && /usr/bin/make  -f CMakeFiles/cmTC_a0278.dir/build.make CMakeFiles/cmTC_a0278.dir/build]
  ignore line: [make[1]: Entering directory '/cygdrive/c/projeto_SO/RaceSimulator/cmake-build-debug/CMakeFiles/CMakeTmp']
  ignore line: [Building C object CMakeFiles/cmTC_a0278.dir/CMakeCCompilerABI.c.o]
  ignore line: [/usr/bin/cc   -v -o CMakeFiles/cmTC_a0278.dir/CMakeCCompilerABI.c.o -c /cygdrive/c/Users/jfgar/AppData/Local/JetBrains/CLion2021.1/cygwin_cmake/share/cmake-3.19.2/Modules/CMakeCCompilerABI.c]
  ignore line: [Using built-in specs.]
  ignore line: [COLLECT_GCC=/usr/bin/cc]
  ignore line: [Target: x86_64-pc-cygwin]
  ignore line: [Configured with: /cygdrive/i/szsz/tmpp/gcc/gcc-9.3.0-2.x86_64/src/gcc-9.3.0/configure --srcdir=/cygdrive/i/szsz/tmpp/gcc/gcc-9.3.0-2.x86_64/src/gcc-9.3.0 --prefix=/usr --exec-prefix=/usr --localstatedir=/var --sysconfdir=/etc --docdir=/usr/share/doc/gcc --htmldir=/usr/share/doc/gcc/html -C --build=x86_64-pc-cygwin --host=x86_64-pc-cygwin --target=x86_64-pc-cygwin --without-libiconv-prefix --without-libintl-prefix --libexecdir=/usr/lib --enable-shared --enable-shared-libgcc --enable-static --enable-version-specific-runtime-libs --enable-bootstrap --enable-__cxa_atexit --with-dwarf2 --with-tune=generic --enable-languages=c,c++,fortran,lto,objc,obj-c++ --enable-graphite --enable-threads=posix --enable-libatomic --enable-libgomp --enable-libquadmath --enable-libquadmath-support --disable-libssp --enable-libada --disable-symvers --with-gnu-ld --with-gnu-as --with-cloog-include=/usr/include/cloog-isl --without-libiconv-prefix --without-libintl-prefix --with-system-zlib --enable-linker-build-id --with-default-libstdcxx-abi=gcc4-compatible --enable-libstdcxx-filesystem-ts]
  ignore line: [Thread model: posix]
  ignore line: [gcc version 9.3.0 (GCC) ]
  ignore line: [COLLECT_GCC_OPTIONS='-v' '-o' 'CMakeFiles/cmTC_a0278.dir/CMakeCCompilerABI.c.o' '-c' '-mtune=generic' '-march=x86-64']
  ignore line: [ /usr/lib/gcc/x86_64-pc-cygwin/9.3.0/cc1.exe -quiet -v -idirafter /usr/lib/gcc/x86_64-pc-cygwin/9.3.0/../../../../lib/../include/w32api -idirafter /usr/lib/gcc/x86_64-pc-cygwin/9.3.0/../../../../x86_64-pc-cygwin/lib/../lib/../../include/w32api /cygdrive/c/Users/jfgar/AppData/Local/JetBrains/CLion2021.1/cygwin_cmake/share/cmake-3.19.2/Modules/CMakeCCompilerABI.c -quiet -dumpbase CMakeCCompilerABI.c -mtune=generic -march=x86-64 -auxbase-strip CMakeFiles/cmTC_a0278.dir/CMakeCCompilerABI.c.o -version -o /tmp/ccLNpQTi.s]
  ignore line: [GNU C17 (GCC) version 9.3.0 (x86_64-pc-cygwin)]
  ignore line: [	compiled by GNU C version 9.3.0  GMP version 6.2.0  MPFR version 4.0.2-p6  MPC version 1.1.0  isl version isl-0.22.1-GMP]
  ignore line: []
  ignore line: [warning: MPFR header version 4.0.2-p6 differs from library version 4.1.0.]
  ignore line: [GGC heuristics: --param ggc-min-expand=100 --param ggc-min-heapsize=131072]
  ignore line: [ignoring nonexistent directory "/usr/local/include"]
  ignore line: [ignoring nonexistent directory "/usr/lib/gcc/x86_64-pc-cygwin/9.3.0/include-fixed"]
  ignore line: [ignoring nonexistent directory "/usr/lib/gcc/x86_64-pc-cygwin/9.3.0/../../../../x86_64-pc-cygwin/include"]
  ignore line: [ignoring duplicate directory "/usr/lib/gcc/x86_64-pc-cygwin/9.3.0/../../../../x86_64-pc-cygwin/lib/../lib/../../include/w32api"]
  ignore line: [#include "..." search starts here:]
  ignore line: [#include <...> search starts here:]
  ignore line: [ /usr/lib/gcc/x86_64-pc-cygwin/9.3.0/include]
  ignore line: [ /usr/include]
  ignore line: [ /usr/lib/gcc/x86_64-pc-cygwin/9.3.0/../../../../lib/../include/w32api]
  ignore line: [End of search list.]
  ignore line: [GNU C17 (GCC) version 9.3.0 (x86_64-pc-cygwin)]
  ignore line: [	compiled by GNU C version 9.3.0  GMP version 6.2.0  MPFR version 4.0.2-p6  MPC version 1.1.0  isl version isl-0.22.1-GMP]
  ignore line: []
  ignore line: [warning: MPFR header version 4.0.2-p6 differs from library version 4.1.0.]
  ignore line: [GGC heuristics: --param ggc-min-expand=100 --param ggc-min-heapsize=131072]
  ignore line: [Compiler executable checksum: 63e39ecd2b9d1558434e01ca03f2ef9c]
  ignore line: [COLLECT_GCC_OPTIONS='-v' '-o' 'CMakeFiles/cmTC_a0278.dir/CMakeCCompilerABI.c.o' '-c' '-mtune=generic' '-march=x86-64']
  ignore line: [ /usr/lib/gcc/x86_64-pc-cygwin/9.3.0/../../../../x86_64-pc-cygwin/bin/as.exe -v -o CMakeFiles/cmTC_a0278.dir/CMakeCCompilerABI.c.o /tmp/ccLNpQTi.s]
  ignore line: [GNU assembler version 2.34.0 (x86_64-pc-cygwin) using BFD version (GNU Binutils) 2.34.0.20200307]
  ignore line: [COMPILER_PATH=/usr/lib/gcc/x86_64-pc-cygwin/9.3.0/:/usr/lib/gcc/x86_64-pc-cygwin/9.3.0/:/usr/lib/gcc/x86_64-pc-cygwin/:/usr/lib/gcc/x86_64-pc-cygwin/9.3.0/:/usr/lib/gcc/x86_64-pc-cygwin/:/usr/lib/gcc/x86_64-pc-cygwin/9.3.0/../../../../x86_64-pc-cygwin/bin/]
  ignore line: [LIBRARY_PATH=/usr/lib/gcc/x86_64-pc-cygwin/9.3.0/:/usr/lib/gcc/x86_64-pc-cygwin/9.3.0/../../../../x86_64-pc-cygwin/lib/../lib/:/usr/lib/gcc/x86_64-pc-cygwin/9.3.0/../../../../lib/:/lib/../lib/:/usr/lib/../lib/:/usr/lib/gcc/x86_64-pc-cygwin/9.3.0/../../../../x86_64-pc-cygwin/lib/:/usr/lib/gcc/x86_64-pc-cygwin/9.3.0/../../../:/lib/:/usr/lib/]
  ignore line: [COLLECT_GCC_OPTIONS='-v' '-o' 'CMakeFiles/cmTC_a0278.dir/CMakeCCompilerABI.c.o' '-c' '-mtune=generic' '-march=x86-64']
  ignore line: [Linking C executable cmTC_a0278.exe]
  ignore line: [/cygdrive/c/Users/jfgar/AppData/Local/JetBrains/CLion2021.1/cygwin_cmake/bin/cmake.exe -E cmake_link_script CMakeFiles/cmTC_a0278.dir/link.txt --verbose=1]
  ignore line: [/usr/bin/cc -Wl --enable-auto-import -v CMakeFiles/cmTC_a0278.dir/CMakeCCompilerABI.c.o -o cmTC_a0278.exe -Wl --out-implib libcmTC_a0278.dll.a -Wl --major-image-version 0 --minor-image-version 0 ]
  ignore line: [Using built-in specs.]
  ignore line: [COLLECT_GCC=/usr/bin/cc]
  ignore line: [COLLECT_LTO_WRAPPER=/usr/lib/gcc/x86_64-pc-cygwin/9.3.0/lto-wrapper.exe]
  ignore line: [Target: x86_64-pc-cygwin]
  ignore line: [Configured with: /cygdrive/i/szsz/tmpp/gcc/gcc-9.3.0-2.x86_64/src/gcc-9.3.0/configure --srcdir=/cygdrive/i/szsz/tmpp/gcc/gcc-9.3.0-2.x86_64/src/gcc-9.3.0 --prefix=/usr --exec-prefix=/usr --localstatedir=/var --sysconfdir=/etc --docdir=/usr/share/doc/gcc --htmldir=/usr/share/doc/gcc/html -C --build=x86_64-pc-cygwin --host=x86_64-pc-cygwin --target=x86_64-pc-cygwin --without-libiconv-prefix --without-libintl-prefix --libexecdir=/usr/lib --enable-shared --enable-shared-libgcc --enable-static --enable-version-specific-runtime-libs --enable-bootstrap --enable-__cxa_atexit --with-dwarf2 --with-tune=generic --enable-languages=c,c++,fortran,lto,objc,obj-c++ --enable-graphite --enable-threads=posix --enable-libatomic --enable-libgomp --enable-libquadmath --enable-libquadmath-support --disable-libssp --enable-libada --disable-symvers --with-gnu-ld --with-gnu-as --with-cloog-include=/usr/include/cloog-isl --without-libiconv-prefix --without-libintl-prefix --with-system-zlib --enable-linker-build-id --with-default-libstdcxx-abi=gcc4-compatible --enable-libstdcxx-filesystem-ts]
  ignore line: [Thread model: posix]
  ignore line: [gcc version 9.3.0 (GCC) ]
  ignore line: [COMPILER_PATH=/usr/lib/gcc/x86_64-pc-cygwin/9.3.0/:/usr/lib/gcc/x86_64-pc-cygwin/9.3.0/:/usr/lib/gcc/x86_64-pc-cygwin/:/usr/lib/gcc/x86_64-pc-cygwin/9.3.0/:/usr/lib/gcc/x86_64-pc-cygwin/:/usr/lib/gcc/x86_64-pc-cygwin/9.3.0/../../../../x86_64-pc-cygwin/bin/]
  ignore line: [LIBRARY_PATH=/usr/lib/gcc/x86_64-pc-cygwin/9.3.0/:/usr/lib/gcc/x86_64-pc-cygwin/9.3.0/../../../../x86_64-pc-cygwin/lib/../lib/:/usr/lib/gcc/x86_64-pc-cygwin/9.3.0/../../../../lib/:/lib/../lib/:/usr/lib/../lib/:/usr/lib/gcc/x86_64-pc-cygwin/9.3.0/../../../../x86_64-pc-cygwin/lib/:/usr/lib/gcc/x86_64-pc-cygwin/9.3.0/../../../:/lib/:/usr/lib/]
  ignore line: [COLLECT_GCC_OPTIONS='-v' '-o' 'cmTC_a0278.exe' '-mtune=generic' '-march=x86-64']
  link line: [ /usr/lib/gcc/x86_64-pc-cygwin/9.3.0/collect2.exe -plugin /usr/lib/gcc/x86_64-pc-cygwin/9.3.0/cyglto_plugin.dll -plugin-opt=/usr/lib/gcc/x86_64-pc-cygwin/9.3.0/lto-wrapper.exe -plugin-opt=-fresolution=/tmp/ccf1D2xW.res -plugin-opt=-pass-through=-lgcc_s -plugin-opt=-pass-through=-lgcc -plugin-opt=-pass-through=-lcygwin -plugin-opt=-pass-through=-ladvapi32 -plugin-opt=-pass-through=-lshell32 -plugin-opt=-pass-through=-luser32 -plugin-opt=-pass-through=-lkernel32 -plugin-opt=-pass-through=-lgcc_s -plugin-opt=-pass-through=-lgcc --build-id -m i386pep --wrap _Znwm --wrap _Znam --wrap _ZdlPv --wrap _ZdaPv --wrap _ZnwmRKSt9nothrow_t --wrap _ZnamRKSt9nothrow_t --wrap _ZdlPvRKSt9nothrow_t --wrap _ZdaPvRKSt9nothrow_t -Bdynamic --dll-search-prefix=cyg --tsaware -o cmTC_a0278.exe /usr/lib/gcc/x86_64-pc-cygwin/9.3.0/../../../../lib/crt0.o /usr/lib/gcc/x86_64-pc-cygwin/9.3.0/crtbegin.o -L/usr/lib/gcc/x86_64-pc-cygwin/9.3.0 -L/usr/lib/gcc/x86_64-pc-cygwin/9.3.0/../../../../x86_64-pc-cygwin/lib/../lib -L/usr/lib/gcc/x86_64-pc-cygwin/9.3.0/../../../../lib -L/lib/../lib -L/usr/lib/../lib -L/usr/lib/gcc/x86_64-pc-cygwin/9.3.0/../../../../x86_64-pc-cygwin/lib -L/usr/lib/gcc/x86_64-pc-cygwin/9.3.0/../../.. --enable-auto-import CMakeFiles/cmTC_a0278.dir/CMakeCCompilerABI.c.o --out-implib libcmTC_a0278.dll.a --major-image-version 0 --minor-image-version 0 -lgcc_s -lgcc -lcygwin -ladvapi32 -lshell32 -luser32 -lkernel32 -lgcc_s -lgcc /usr/lib/gcc/x86_64-pc-cygwin/9.3.0/../../../../lib/default-manifest.o /usr/lib/gcc/x86_64-pc-cygwin/9.3.0/crtend.o]
    arg [/usr/lib/gcc/x86_64-pc-cygwin/9.3.0/collect2.exe] ==> ignore
    arg [-plugin] ==> ignore
    arg [/usr/lib/gcc/x86_64-pc-cygwin/9.3.0/cyglto_plugin.dll] ==> ignore
    arg [-plugin-opt=/usr/lib/gcc/x86_64-pc-cygwin/9.3.0/lto-wrapper.exe] ==> ignore
    arg [-plugin-opt=-fresolution=/tmp/ccf1D2xW.res] ==> ignore
    arg [-plugin-opt=-pass-through=-lgcc_s] ==> ignore
    arg [-plugin-opt=-pass-through=-lgcc] ==> ignore
    arg [-plugin-opt=-pass-through=-lcygwin] ==> ignore
    arg [-plugin-opt=-pass-through=-ladvapi32] ==> ignore
    arg [-plugin-opt=-pass-through=-lshell32] ==> ignore
    arg [-plugin-opt=-pass-through=-luser32] ==> ignore
    arg [-plugin-opt=-pass-through=-lkernel32] ==> ignore
    arg [-plugin-opt=-pass-through=-lgcc_s] ==> ignore
    arg [-plugin-opt=-pass-through=-lgcc] ==> ignore
    arg [--build-id] ==> ignore
    arg [-m] ==> ignore
    arg [i386pep] ==> ignore
    arg [--wrap] ==> ignore
    arg [_Znwm] ==> ignore
    arg [--wrap] ==> ignore
    arg [_Znam] ==> ignore
    arg [--wrap] ==> ignore
    arg [_ZdlPv] ==> ignore
    arg [--wrap] ==> ignore
    arg [_ZdaPv] ==> ignore
    arg [--wrap] ==> ignore
    arg [_ZnwmRKSt9nothrow_t] ==> ignore
    arg [--wrap] ==> ignore
    arg [_ZnamRKSt9nothrow_t] ==> ignore
    arg [--wrap] ==> ignore
    arg [_ZdlPvRKSt9nothrow_t] ==> ignore
    arg [--wrap] ==> ignore
    arg [_ZdaPvRKSt9nothrow_t] ==> ignore
    arg [-Bdynamic] ==> ignore
    arg [--dll-search-prefix=cyg] ==> ignore
    arg [--tsaware] ==> ignore
    arg [-o] ==> ignore
    arg [cmTC_a0278.exe] ==> ignore
    arg [/usr/lib/gcc/x86_64-pc-cygwin/9.3.0/../../../../lib/crt0.o] ==> ignore
    arg [/usr/lib/gcc/x86_64-pc-cygwin/9.3.0/crtbegin.o] ==> ignore
    arg [-L/usr/lib/gcc/x86_64-pc-cygwin/9.3.0] ==> dir [/usr/lib/gcc/x86_64-pc-cygwin/9.3.0]
    arg [-L/usr/lib/gcc/x86_64-pc-cygwin/9.3.0/../../../../x86_64-pc-cygwin/lib/../lib] ==> dir [/usr/lib/gcc/x86_64-pc-cygwin/9.3.0/../../../../x86_64-pc-cygwin/lib/../lib]
    arg [-L/usr/lib/gcc/x86_64-pc-cygwin/9.3.0/../../../../lib] ==> dir [/usr/lib/gcc/x86_64-pc-cygwin/9.3.0/../../../../lib]
    arg [-L/lib/../lib] ==> dir [/lib/../lib]
    arg [-L/usr/lib/../lib] ==> dir [/usr/lib/../lib]
    arg [-L/usr/lib/gcc/x86_64-pc-cygwin/9.3.0/../../../../x86_64-pc-cygwin/lib] ==> dir [/usr/lib/gcc/x86_64-pc-cygwin/9.3.0/../../../../x86_64-pc-cygwin/lib]
    arg [-L/usr/lib/gcc/x86_64-pc-cygwin/9.3.0/../../..] ==> dir [/usr/lib/gcc/x86_64-pc-cygwin/9.3.0/../../..]
    arg [--enable-auto-import] ==> ignore
    arg [CMakeFiles/cmTC_a0278.dir/CMakeCCompilerABI.c.o] ==> ignore
    arg [--out-implib] ==> ignore
    arg [libcmTC_a0278.dll.a] ==> ignore
    arg [--major-image-version] ==> ignore
    arg [0] ==> ignore
    arg [--minor-image-version] ==> ignore
    arg [0] ==> ignore
    arg [-lgcc_s] ==> lib [gcc_s]
    arg [-lgcc] ==> lib [gcc]
    arg [-lcygwin] ==> lib [cygwin]
    arg [-ladvapi32] ==> lib [advapi32]
    arg [-lshell32] ==> lib [shell32]
    arg [-luser32] ==> lib [user32]
    arg [-lkernel32] ==> lib [kernel32]
    arg [-lgcc_s] ==> lib [gcc_s]
    arg [-lgcc] ==> lib [gcc]
    arg [/usr/lib/gcc/x86_64-pc-cygwin/9.3.0/../../../../lib/default-manifest.o] ==> ignore
    arg [/usr/lib/gcc/x86_64-pc-cygwin/9.3.0/crtend.o] ==> ignore
  collapse library dir [/usr/lib/gcc/x86_64-pc-cygwin/9.3.0] ==> [/usr/lib/gcc/x86_64-pc-cygwin/9.3.0]
  collapse library dir [/usr/lib/gcc/x86_64-pc-cygwin/9.3.0/../../../../x86_64-pc-cygwin/lib/../lib] ==> [/usr/x86_64-pc-cygwin/lib]
  collapse library dir [/usr/lib/gcc/x86_64-pc-cygwin/9.3.0/../../../../lib] ==> [/usr/lib]
  collapse library dir [/lib/../lib] ==> [/lib]
  collapse library dir [/usr/lib/../lib] ==> [/usr/lib]
  collapse library dir [/usr/lib/gcc/x86_64-pc-cygwin/9.3.0/../../../../x86_64-pc-cygwin/lib] ==> [/usr/x86_64-pc-cygwin/lib]
  collapse library dir [/usr/lib/gcc/x86_64-pc-cygwin/9.3.0/../../..] ==> [/usr/lib]
  implicit libs: [gcc_s;gcc;cygwin;advapi32;shell32;user32;kernel32;gcc_s;gcc]
  implicit dirs: [/usr/lib/gcc/x86_64-pc-cygwin/9.3.0;/usr/x86_64-pc-cygwin/lib;/usr/lib;/lib]
  implicit fwks: []


